#
# A fatal error has been detected by the Java Runtime Environment:
#
#  EXCEPTION_ACCESS_VIOLATION (0xc0000005) at pc=0x00007ff8051726c4, pid=23236, tid=8592
#
# JRE version: OpenJDK Runtime Environment (24.0.1+9) (build 24.0.1+9-30)
# Java VM: OpenJDK 64-Bit Server VM (24.0.1+9-30, mixed mode, sharing, tiered, compressed oops, compressed class ptrs, g1 gc, windows-amd64)
# Problematic frame:
# C  [libasyncProfiler.dll+0x926c4]
#
# No core dump will be written. Minidumps are not enabled by default on client versions of Windows
#
# JFR recording file will be written. Location: C:\Users\andre\IdeaProjects\GoBank\hs_err_pid23236.jfr
#
# If you would like to submit a bug report, please visit:
#   https://bugreport.java.com/bugreport/crash.jsp
# The crash happened outside the Java Virtual Machine in native code.
# See problematic frame for where to report the bug.
#

---------------  S U M M A R Y ------------

Command Line: -javaagent:C:\Program Files\JetBrains\IntelliJ IDEA 2025.1\lib\idea_rt.jar=64577 -Dfile.encoding=UTF-8 -Dsun.stdout.encoding=UTF-8 -Dsun.stderr.encoding=UTF-8 dev.gobank.Main

Host: AMD Ryzen 7 5700G with Radeon Graphics         , 16 cores, 15G,  Windows 11 , 64 bit Build 26100 (10.0.26100.3775)
Time: Fri May  9 17:35:45 2025 Hora Padrão de Buenos Aires elapsed time: 4.911320 seconds (0d 0h 0m 4s)

---------------  T H R E A D  ---------------

Current thread (0x000001aec5899e10):  JavaThread "Attach Listener" daemon [_thread_in_native, id=8592, stack(0x00000069a7600000,0x00000069a7700000) (1024K)]

Stack: [0x00000069a7600000,0x00000069a7700000],  sp=0x00000069a76ff350,  free space=1020k
Native frames: (J=compiled Java code, j=interpreted, Vv=VM code, C=native code)
C  [libasyncProfiler.dll+0x926c4]  (no source info available)
C  [libasyncProfiler.dll+0x92b9b]  (no source info available)
C  [libasyncProfiler.dll+0x917f4]  (no source info available)
C  [libasyncProfiler.dll+0x9206a]  (no source info available)
C  [libasyncProfiler.dll+0x8cc21]  (no source info available)
C  [libasyncProfiler.dll+0x7e5e1]  (no source info available)
C  [libasyncProfiler.dll+0x7d2f8]  (no source info available)
C  [libasyncProfiler.dll+0x7d1e0]  (no source info available)
C  [libasyncProfiler.dll+0x841b9]  (no source info available)
V  [jvm.dll+0x57eff7]  (no source info available)
V  [jvm.dll+0x57fdac]  (no source info available)
V  [jvm.dll+0x14ca17]  (no source info available)
V  [jvm.dll+0x14dfe1]  (no source info available)
V  [jvm.dll+0x42f456]  (no source info available)
V  [jvm.dll+0x87d76b]  (no source info available)
V  [jvm.dll+0x72ee55]  (no source info available)
C  [ucrtbase.dll+0x37b0]  (no source info available)
C  [KERNEL32.DLL+0x2e8d7]  (no source info available)
C  [ntdll.dll+0xb14fc]  (no source info available)


siginfo: EXCEPTION_ACCESS_VIOLATION (0xc0000005), reading address 0xffffffffffffffff


Registers:
RAX=0x0000000000000010, RBX=0x0000000000000000, RCX=0xffffffffffffffff, RDX=0x007ff806c2300010
RSP=0x00000069a76ff350, RBP=0x000001af0c01f470, RSI=0x00000069a76ff4c0, RDI=0x000001af0c01f470
R8 =0x0000000000000042, R9 =0x0000000719401ed8, R10=0x00007ff806e99fb0, R11=0x0000000000000002
R12=0x00000069a76ff4c0, R13=0x000001af0b754e00, R14=0x000001aec589a1d8, R15=0x000001aec589a1d8
RIP=0x00007ff8051726c4, EFLAGS=0x0000000000010202

XMM[0]=0x0000000000000000 0x0000000000000000
XMM[1]=0x0000000000000000 0x0000000000000000
XMM[2]=0x0000000000000000 0x0000000000000000
XMM[3]=0x0000000000000000 0x0000000000000000
XMM[4]=0x0000000000000000 0x0000000000000000
XMM[5]=0x0000000000000000 0x0000000000000000
XMM[6]=0x0000000000000000 0x0000000000000000
XMM[7]=0x0000000000000000 0x0000000000000000
XMM[8]=0x0000000000000000 0x0000000000000000
XMM[9]=0x0000000000000000 0x0000000000000000
XMM[10]=0x0000000000000000 0x0000000000000000
XMM[11]=0x0000000000000000 0x0000000000000000
XMM[12]=0x0000000000000000 0x0000000000000000
XMM[13]=0x0000000000000000 0x0000000000000000
XMM[14]=0x0000000000000000 0x0000000000000000
XMM[15]=0x0000000000000000 0x0000000000000000
  MXCSR=0x00001fa0


Register to memory mapping:

RAX=0x0000000000000010 is an unknown value
RBX=0x0 is null
RCX=0xffffffffffffffff is an unknown value
RDX=0x007ff806c2300010 is an unknown value
RSP=0x00000069a76ff350 is pointing into the stack for thread: 0x000001aec5899e10
RBP=0x000001af0c01f470 points into unknown readable memory: 0x0000000719401ed8 | d8 1e 40 19 07 00 00 00
RSI=0x00000069a76ff4c0 is pointing into the stack for thread: 0x000001aec5899e10
RDI=0x000001af0c01f470 points into unknown readable memory: 0x0000000719401ed8 | d8 1e 40 19 07 00 00 00
R8 =0x0000000000000042 is an unknown value
R9 =0x0000000719401ed8 is an oop: java.lang.Thread 
{0x0000000719401ed8} - klass: 'java/lang/Thread' - flags: 

 - ---- fields (total size 14 words):
 - 'threadLocalRandomProbe' 'I' @12  0 (0x00000000)
 - private volatile 'eetop' 'J' @16  1849575876560 (0x000001aea35027d0)
 - private final 'tid' 'J' @24  3 (0x0000000000000003)
 - 'threadLocalRandomSeed' 'J' @32  0 (0x0000000000000000)
 - injected 'jvmti_thread_state' 'J' @40  1851322997920 (0x000001af0b731ca0)
 - 'threadLocalRandomSecondarySeed' 'I' @48  0 (0x00000000)
 - injected 'jvmti_VTMS_transition_disable_count' 'I' @52  0 (0x00000000)
 - injected 'jfr_epoch' 'S' @56  0 (0x0000)
 - volatile 'interrupted' 'Z' @58  false (0x00)
 - injected 'jvmti_is_in_VTMS_transition' 'Z' @59  false (0x00)
 - private volatile 'name' 'Ljava/lang/String;' @60  "main"{0x0000000719401f48} (0xe32803e9)
 - private volatile 'contextClassLoader' 'Ljava/lang/ClassLoader;' @64  a 'jdk/internal/loader/ClassLoaders$AppClassLoader'{0x00000007194161e0} (0xe3282c3c)
 - private final 'holder' 'Ljava/lang/Thread$FieldHolder;' @68  a 'java/lang/Thread$FieldHolder'{0x0000000719401f88} (0xe32803f1)
 - 'threadLocals' 'Ljava/lang/ThreadLocal$ThreadLocalMap;' @72  a 'java/lang/ThreadLocal$ThreadLocalMap'{0x000000071923d348} (0xe3247a69)
 - 'inheritableThreadLocals' 'Ljava/lang/ThreadLocal$ThreadLocalMap;' @76  null (0x00000000)
 - private 'scopedValueBindings' 'Ljava/lang/Object;' @80  a 'java/lang/Class'{0x00000007ffe7c258} = 'java/lang/Thread' (0xfffcf84b)
 - final 'interruptLock' 'Ljava/lang/Object;' @84  a 'java/lang/Object'{0x0000000719401f78} (0xe32803ef)
 - private volatile 'parkBlocker' 'Ljava/lang/Object;' @88  null (0x00000000)
 - private 'nioBlocker' 'Lsun/nio/ch/Interruptible;' @92  null (0x00000000)
 - private 'cont' 'Ljdk/internal/vm/Continuation;' @96  null (0x00000000)
 - private volatile 'uncaughtExceptionHandler' 'Ljava/lang/Thread$UncaughtExceptionHandler;' @100  null (0x00000000)
 - private 'container' 'Ljdk/internal/vm/ThreadContainer;' @104  null (0x00000000)
 - private volatile 'headStackableScopes' 'Ljdk/internal/vm/StackableScope;' @108  null (0x00000000)
R10=0x00007ff806e99fb0 jvm.dll
R11=0x0000000000000002 is an unknown value
R12=0x00000069a76ff4c0 is pointing into the stack for thread: 0x000001aec5899e10
R13=0x000001af0b754e00 points into unknown readable memory: 0x00007ff806e0a510 | 10 a5 e0 06 f8 7f 00 00
R14=0x000001aec589a1d8 points into unknown readable memory: 0x00007ff806e017b0 | b0 17 e0 06 f8 7f 00 00
R15=0x000001aec589a1d8 points into unknown readable memory: 0x00007ff806e017b0 | b0 17 e0 06 f8 7f 00 00

Top of Stack: (sp=0x00000069a76ff350)
0x00000069a76ff350:   00000069a76ff4c0 000001af0c01f470   ..o.i...p.......
0x00000069a76ff360:   0000000000000000 000001aec589b1f0   ................
0x00000069a76ff370:   0000000000000024 00007ff805172b9b   $........+......
0x00000069a76ff380:   0000000000000000 000001aec589a1d8   ................
0x00000069a76ff390:   00000069a76ff401 0000000000000000   ..o.i...........
0x00000069a76ff3a0:   000001af0df64c50 00007ff8051717f4   PL..............
0x00000069a76ff3b0:   0000000000000000 0000000000000024   ........$.......
0x00000069a76ff3c0:   0000000000000000 0000000000000024   ........$.......
0x00000069a76ff3d0:   0000000e0bd93b68 000001af0ddb53a0   h;.......S......
0x00000069a76ff3e0:   000001af0df64c50 000001af0df64ce0   PL.......L......
0x00000069a76ff3f0:   000001af0df64cf8 0000000000004598   .L.......E......
0x00000069a76ff400:   0000000000000000 0000000000000000   ................
0x00000069a76ff410:   0000000000000000 00007ff8066657d4   .........Wf.....
0x00000069a76ff420:   00007ff8052b4ca0 0000000000005ac4   .L+......Z......
0x00000069a76ff430:   00007ff8052b4ca0 00000000ffffffff   .L+.............
0x00000069a76ff440:   0000000000000000 00007ff80517206a   ........j ......
0x00000069a76ff450:   000001aec589a1d8 0000000000000000   ................
0x00000069a76ff460:   00000069a76ff4c9 000001af0b754e00   ..o.i....Nu.....
0x00000069a76ff470:   0000000000000004 0000000000000048   ........H.......
0x00000069a76ff480:   0000000800800310 0000000000000020   ........ .......
0x00000069a76ff490:   000001aec589a1d8 00007ff8052b4ca0   .........L+.....
0x00000069a76ff4a0:   000001aec58956a0 000001af0b731ca0   .V........s.....
0x00000069a76ff4b0:   0000000800800390 000001aec589a1d8   ................
0x00000069a76ff4c0:   000001af0de255f0 000001af0de25a70   .U......pZ......
0x00000069a76ff4d0:   000001af0de25a70 00007ff8052b4ca0   pZ.......L+.....
0x00000069a76ff4e0:   000001af0bd93b68 00000069a76ff658   h;......X.o.i...
0x00000069a76ff4f0:   00000069a76ff790 0000000000008840   ..o.i...@.......
0x00000069a76ff500:   00000069a76ff970 00007ff8052b4cf0   p.o.i....L+.....
0x00000069a76ff510:   0000000000989680 0000000000989680   ................
0x00000069a76ff520:   00000069a76ff630 00007ff80516cc21   0.o.i...!.......
0x00000069a76ff530:   00007ff8052b4ca0 00007ff8052b4cf8   .L+......L+.....
0x00000069a76ff540:   00007ff800000000 00007ff800000001   ................

Instructions: (pc=0x00007ff8051726c4)
  0x00007ff8051725c4:   cc cc cc cc cc cc cc cc cc cc cc cc cc cc cc cc
  0x00007ff8051725d4:   cc cc cc cc cc cc cc cc cc cc cc cc cc cc cc cc
  0x00007ff8051725e4:   cc cc cc cc cc cc cc cc cc cc cc cc cc cc cc cc
  0x00007ff8051725f4:   cc cc cc cc cc cc cc cc cc cc cc cc cc cc cc cc
  0x00007ff805172604:   cc cc cc cc cc cc cc cc cc cc cc cc cc cc cc cc
  0x00007ff805172614:   cc cc cc cc cc cc cc cc cc cc cc cc cc cc cc cc
  0x00007ff805172624:   cc cc cc cc cc cc cc cc cc cc cc cc cc cc cc cc
  0x00007ff805172634:   cc cc cc cc cc cc cc cc cc cc cc cc cc cc cc cc
  0x00007ff805172644:   cc cc cc cc cc cc cc cc cc cc cc cc 40 57 48 83
  0x00007ff805172654:   ec 20 48 8b f9 48 8b 0d 10 28 14 00 48 85 c9 74
  0x00007ff805172664:   20 48 8b 01 48 8d 54 24 38 41 b8 06 00 01 00 4c
  0x00007ff805172674:   8b 48 30 41 ff d1 85 c0 75 07 48 8b 4c 24 38 eb
  0x00007ff805172684:   02 33 c9 4c 8b 05 ea 28 14 00 48 89 5c 24 30 4d
  0x00007ff805172694:   85 c0 74 4a 48 8b 01 48 8b d7 4c 8b 88 28 03 00
  0x00007ff8051726a4:   00 41 ff d1 48 85 c0 74 35 48 63 0d f8 e6 13 00
  0x00007ff8051726b4:   48 8b 14 01 48 85 d2 74 15 48 63 05 fc e6 13 00
=>0x00007ff8051726c4:   8b 04 10 48 8b 5c 24 30 48 83 c4 20 5f c3 b8 ff
  0x00007ff8051726d4:   ff ff ff 48 8b 5c 24 30 48 83 c4 20 5f c3 80 3d
  0x00007ff8051726e4:   9b 27 14 00 00 bb ff ff ff ff 74 20 4c 8b 0d 31
  0x00007ff8051726f4:   24 14 00 4c 8d 44 24 38 48 8b 0d 15 24 14 00 48
  0x00007ff805172704:   8b d7 41 ff d1 85 c0 0f 44 5c 24 38 8b c3 48 8b
  0x00007ff805172714:   5c 24 30 48 83 c4 20 5f c3 cc cc cc cc cc cc cc
  0x00007ff805172724:   cc cc cc cc cc cc cc cc cc cc cc cc cc cc cc cc
  0x00007ff805172734:   cc cc cc cc cc cc cc cc cc cc cc cc cc cc cc cc
  0x00007ff805172744:   cc cc cc cc cc cc cc cc cc cc cc cc 48 89 54 24
  0x00007ff805172754:   10 53 55 56 57 41 56 41 57 48 83 ec 28 48 8b f2
  0x00007ff805172764:   4c 8b f1 48 89 4c 24 78 45 33 ff 44 89 7c 24 68
  0x00007ff805172774:   c7 44 24 60 01 00 00 00 48 8d 4c 24 68 e8 ed 42
  0x00007ff805172784:   f7 ff 8b d8 48 8d 4c 24 60 e8 e1 42 f7 ff 8b e8
  0x00007ff805172794:   49 8b ce e8 00 fc f6 ff 48 8b f8 90 8b c3 f0 0f
  0x00007ff8051727a4:   b1 2f 74 04 f3 90 eb f4 4c 89 3e 4c 89 7e 08 4c
  0x00007ff8051727b4:   89 7e 10 49 8b 6e 08 4d 8b 76 10 49 3b ee 0f 84


Stack slot to memory mapping:

stack at sp + 0 slots: 0x00000069a76ff4c0 is pointing into the stack for thread: 0x000001aec5899e10
stack at sp + 1 slots: 0x000001af0c01f470 points into unknown readable memory: 0x0000000719401ed8 | d8 1e 40 19 07 00 00 00
stack at sp + 2 slots: 0x0 is null
stack at sp + 3 slots: 0x000001aec589b1f0 points into unknown readable memory: 0x6e616c2e6176616a | 6a 61 76 61 2e 6c 61 6e
stack at sp + 4 slots: 0x0000000000000024 is an unknown value
stack at sp + 5 slots: 0x00007ff805172b9b libasyncProfiler.dll
stack at sp + 6 slots: 0x0 is null
stack at sp + 7 slots: 0x000001aec589a1d8 points into unknown readable memory: 0x00007ff806e017b0 | b0 17 e0 06 f8 7f 00 00

Lock stack of current Java thread (top to bottom):


---------------  P R O C E S S  ---------------

Threads class SMR info:
_java_thread_list=0x000001af0c174c90, length=24, elements={
0x000001aea35027d0, 0x000001aec5891730, 0x000001aec5893e80, 0x000001aec58980d0,
0x000001aec5899e10, 0x000001aec5896ae0, 0x000001aec58996c0, 0x000001aec58cd210,
0x000001aec58d10a0, 0x000001aec5898820, 0x000001aec5898f70, 0x000001aec5897230,
0x000001aec5897980, 0x000001af0b51ffc0, 0x000001af0b51f120, 0x000001af0b51e280,
0x000001af0b565f20, 0x000001af0b51f870, 0x000001af0c254f00, 0x000001af0c255690,
0x000001af0ca9fea0, 0x000001af0cada2f0, 0x000001af0df6be70, 0x000001af0b520e60
}

Java Threads: ( => current thread )
  0x000001aea35027d0 JavaThread "main"                              [_thread_in_native, id=12808, stack(0x00000069a6b00000,0x00000069a6c00000) (1024K)]
  0x000001aec5891730 JavaThread "Reference Handler"          daemon [_thread_blocked, id=13900, stack(0x00000069a7300000,0x00000069a7400000) (1024K)]
  0x000001aec5893e80 JavaThread "Finalizer"                  daemon [_thread_blocked, id=3616, stack(0x00000069a7400000,0x00000069a7500000) (1024K)]
  0x000001aec58980d0 JavaThread "Signal Dispatcher"          daemon [_thread_blocked, id=13964, stack(0x00000069a7500000,0x00000069a7600000) (1024K)]
=>0x000001aec5899e10 JavaThread "Attach Listener"            daemon [_thread_in_native, id=8592, stack(0x00000069a7600000,0x00000069a7700000) (1024K)]
  0x000001aec5896ae0 JavaThread "Service Thread"             daemon [_thread_blocked, id=6936, stack(0x00000069a7700000,0x00000069a7800000) (1024K)]
  0x000001aec58996c0 JavaThread "Monitor Deflation Thread"   daemon [_thread_blocked, id=3868, stack(0x00000069a7800000,0x00000069a7900000) (1024K)]
  0x000001aec58cd210 JavaThread "C2 CompilerThread0"         daemon [_thread_blocked, id=4696, stack(0x00000069a7900000,0x00000069a7a00000) (1024K)]
  0x000001aec58d10a0 JavaThread "C1 CompilerThread0"         daemon [_thread_blocked, id=23368, stack(0x00000069a7a00000,0x00000069a7b00000) (1024K)]
  0x000001aec5898820 JavaThread "Common-Cleaner"             daemon [_thread_blocked, id=12696, stack(0x00000069a7e00000,0x00000069a7f00000) (1024K)]
  0x000001aec5898f70 JavaThread "Monitor Ctrl-Break"         daemon [_thread_in_native, id=21644, stack(0x00000069a7f00000,0x00000069a8000000) (1024K)]
  0x000001aec5897230 JavaThread "Notification Thread"        daemon [_thread_blocked, id=7524, stack(0x00000069a8000000,0x00000069a8100000) (1024K)]
  0x000001aec5897980 JavaThread "RMI TCP Accept-0"           daemon [_thread_in_native, id=11192, stack(0x00000069a8400000,0x00000069a8500000) (1024K)]
  0x000001af0b51ffc0 JavaThread "RMI TCP Connection(1)-192.168.56.1" daemon [_thread_in_native, id=10444, stack(0x00000069a8500000,0x00000069a8600000) (1024K)]
  0x000001af0b51f120 JavaThread "RMI Scheduler(0)"           daemon [_thread_blocked, id=10516, stack(0x00000069a8600000,0x00000069a8700000) (1024K)]
  0x000001af0b51e280 JavaThread "JMX server connection timeout 40" daemon [_thread_blocked, id=11324, stack(0x00000069a8700000,0x00000069a8800000) (1024K)]
  0x000001af0b565f20 JavaThread "C2 CompilerThread1"         daemon [_thread_blocked, id=16824, stack(0x00000069a7b00000,0x00000069a7c00000) (1024K)]
  0x000001af0b51f870 JavaThread "JFR Recorder Thread"        daemon [_thread_in_native, id=1744, stack(0x00000069a7c00000,0x00000069a7d00000) (1024K)]
  0x000001af0c254f00 JavaThread "C1 CompilerThread1"         daemon [_thread_blocked, id=17612, stack(0x00000069a7d00000,0x00000069a7e00000) (1024K)]
  0x000001af0c255690 JavaThread "C1 CompilerThread2"         daemon [_thread_blocked, id=14072, stack(0x00000069a8100000,0x00000069a8200000) (1024K)]
  0x000001af0ca9fea0 JavaThread "C1 CompilerThread3"         daemon [_thread_blocked, id=22496, stack(0x00000069a8200000,0x00000069a8300000) (1024K)]
  0x000001af0cada2f0 JavaThread "C2 CompilerThread2"         daemon [_thread_blocked, id=24104, stack(0x00000069a8300000,0x00000069a8400000) (1024K)]
  0x000001af0df6be70 JavaThread "C2 CompilerThread3"         daemon [_thread_in_native, id=18544, stack(0x00000069a8800000,0x00000069a8900000) (1024K)]
  0x000001af0b520e60 JavaThread "JFR Periodic Tasks"         daemon [_thread_blocked, id=17816, stack(0x00000069a8a00000,0x00000069a8b00000) (1024K)]
Total: 24

Other Threads:
  0x000001aec587cc90 VMThread "VM Thread"                           [id=3896, stack(0x00000069a7200000,0x00000069a7300000) (1024K)]
  0x000001aec574d4c0 WatcherThread "VM Periodic Task Thread"        [id=18720, stack(0x00000069a7100000,0x00000069a7200000) (1024K)]
  0x000001aea597f100 WorkerThread "GC Thread#0"                     [id=9712, stack(0x00000069a6c00000,0x00000069a6d00000) (1024K)]
  0x000001aea59943c0 ConcurrentGCThread "G1 Main Marker"            [id=19016, stack(0x00000069a6d00000,0x00000069a6e00000) (1024K)]
  0x000001aea5994ed0 WorkerThread "G1 Conc#0"                       [id=3108, stack(0x00000069a6e00000,0x00000069a6f00000) (1024K)]
  0x000001aec573c080 ConcurrentGCThread "G1 Refine#0"               [id=14700, stack(0x00000069a6f00000,0x00000069a7000000) (1024K)]
  0x000001aec573dab0 ConcurrentGCThread "G1 Service"                [id=9276, stack(0x00000069a7000000,0x00000069a7100000) (1024K)]
Total: 7

Threads with active compile tasks:
C2 CompilerThread3  5015 2070       4       jdk.jfr.internal.MetadataWriter::write (168 bytes)
Total: 1

VM state: not at safepoint (normal execution)

VM Mutex/Monitor currently owned by a thread: None

Heap address: 0x000000070a000000, size: 3936 MB, Compressed Oops mode: Zero based, Oop shift amount: 3

CDS archive(s) mapped at: [0x000001aec6000000-0x000001aec6d40000-0x000001aec6d40000), size 13893632, SharedBaseAddress: 0x000001aec6000000, ArchiveRelocationMode: 1.
Compressed class space mapped at: 0x000001aec7000000-0x000001af07000000, reserved size: 1073741824
UseCompressedClassPointers 1, UseCompactObjectHeaders 0
Narrow klass pointer bits 32, Max shift 3
Narrow klass base: 0x000001aec6000000, Narrow klass shift: 0
Encoding Range: [0x000001aec6000000 - 0x000001afc6000000), (4294967296 bytes)
Klass Range:    [0x000001aec6000000 - 0x000001af07000000), (1090519040 bytes)
Klass ID Range:  [8 - 1090519033) (1090519025)

GC Precious Log:
 CardTable entry size: 512
 Card Set container configuration: InlinePtr #cards 4 size 8 Array Of Cards #cards 16 size 48 Howl #buckets 8 coarsen threshold 3686 Howl Bitmap #cards 512 size 80 coarsen threshold 460 Card regions per heap region 1 cards per card region 4096
 CPUs: 16 total, 16 available
 Memory: 15741M
 Large Page Support: Disabled
 NUMA Support: Disabled
 Compressed Oops: Enabled (Zero based)
 Heap Region Size: 2M
 Heap Min Capacity: 8M
 Heap Initial Capacity: 246M
 Heap Max Capacity: 3936M
 Pre-touch: Disabled
 Parallel Workers: 13
 Concurrent Workers: 3
 Concurrent Refinement Workers: 13
 Periodic GC: Disabled

Heap:
 garbage-first heap   total reserved 4030464K, committed 253952K, used 35952K [0x000000070a000000, 0x0000000800000000)
  region size 2048K, 19 young (38912K), 0 survivors (0K)
 Metaspace       used 8037K, committed 8256K, reserved 1114112K
  class space    used 744K, committed 832K, reserved 1048576K

Heap Regions: E=young(eden), S=young(survivor), O=old, HS=humongous(starts), HC=humongous(continues), CS=collection set, F=free, TAMS=top-at-mark-start, PB=parsable bottom
|   0|0x000000070a000000, 0x000000070a000000, 0x000000070a200000|  0%| F|  |TAMS 0x000000070a000000| PB 0x000000070a000000| Untracked |  0
|   1|0x000000070a200000, 0x000000070a200000, 0x000000070a400000|  0%| F|  |TAMS 0x000000070a200000| PB 0x000000070a200000| Untracked |  0
|   2|0x000000070a400000, 0x000000070a400000, 0x000000070a600000|  0%| F|  |TAMS 0x000000070a400000| PB 0x000000070a400000| Untracked |  0
|   3|0x000000070a600000, 0x000000070a600000, 0x000000070a800000|  0%| F|  |TAMS 0x000000070a600000| PB 0x000000070a600000| Untracked |  0
|   4|0x000000070a800000, 0x000000070a800000, 0x000000070aa00000|  0%| F|  |TAMS 0x000000070a800000| PB 0x000000070a800000| Untracked |  0
|   5|0x000000070aa00000, 0x000000070aa00000, 0x000000070ac00000|  0%| F|  |TAMS 0x000000070aa00000| PB 0x000000070aa00000| Untracked |  0
|   6|0x000000070ac00000, 0x000000070ac00000, 0x000000070ae00000|  0%| F|  |TAMS 0x000000070ac00000| PB 0x000000070ac00000| Untracked |  0
|   7|0x000000070ae00000, 0x000000070ae00000, 0x000000070b000000|  0%| F|  |TAMS 0x000000070ae00000| PB 0x000000070ae00000| Untracked |  0
|   8|0x000000070b000000, 0x000000070b000000, 0x000000070b200000|  0%| F|  |TAMS 0x000000070b000000| PB 0x000000070b000000| Untracked |  0
|   9|0x000000070b200000, 0x000000070b200000, 0x000000070b400000|  0%| F|  |TAMS 0x000000070b200000| PB 0x000000070b200000| Untracked |  0
|  10|0x000000070b400000, 0x000000070b400000, 0x000000070b600000|  0%| F|  |TAMS 0x000000070b400000| PB 0x000000070b400000| Untracked |  0
|  11|0x000000070b600000, 0x000000070b600000, 0x000000070b800000|  0%| F|  |TAMS 0x000000070b600000| PB 0x000000070b600000| Untracked |  0
|  12|0x000000070b800000, 0x000000070b800000, 0x000000070ba00000|  0%| F|  |TAMS 0x000000070b800000| PB 0x000000070b800000| Untracked |  0
|  13|0x000000070ba00000, 0x000000070ba00000, 0x000000070bc00000|  0%| F|  |TAMS 0x000000070ba00000| PB 0x000000070ba00000| Untracked |  0
|  14|0x000000070bc00000, 0x000000070bc00000, 0x000000070be00000|  0%| F|  |TAMS 0x000000070bc00000| PB 0x000000070bc00000| Untracked |  0
|  15|0x000000070be00000, 0x000000070be00000, 0x000000070c000000|  0%| F|  |TAMS 0x000000070be00000| PB 0x000000070be00000| Untracked |  0
|  16|0x000000070c000000, 0x000000070c000000, 0x000000070c200000|  0%| F|  |TAMS 0x000000070c000000| PB 0x000000070c000000| Untracked |  0
|  17|0x000000070c200000, 0x000000070c200000, 0x000000070c400000|  0%| F|  |TAMS 0x000000070c200000| PB 0x000000070c200000| Untracked |  0
|  18|0x000000070c400000, 0x000000070c400000, 0x000000070c600000|  0%| F|  |TAMS 0x000000070c400000| PB 0x000000070c400000| Untracked |  0
|  19|0x000000070c600000, 0x000000070c600000, 0x000000070c800000|  0%| F|  |TAMS 0x000000070c600000| PB 0x000000070c600000| Untracked |  0
|  20|0x000000070c800000, 0x000000070c800000, 0x000000070ca00000|  0%| F|  |TAMS 0x000000070c800000| PB 0x000000070c800000| Untracked |  0
|  21|0x000000070ca00000, 0x000000070ca00000, 0x000000070cc00000|  0%| F|  |TAMS 0x000000070ca00000| PB 0x000000070ca00000| Untracked |  0
|  22|0x000000070cc00000, 0x000000070cc00000, 0x000000070ce00000|  0%| F|  |TAMS 0x000000070cc00000| PB 0x000000070cc00000| Untracked |  0
|  23|0x000000070ce00000, 0x000000070ce00000, 0x000000070d000000|  0%| F|  |TAMS 0x000000070ce00000| PB 0x000000070ce00000| Untracked |  0
|  24|0x000000070d000000, 0x000000070d000000, 0x000000070d200000|  0%| F|  |TAMS 0x000000070d000000| PB 0x000000070d000000| Untracked |  0
|  25|0x000000070d200000, 0x000000070d200000, 0x000000070d400000|  0%| F|  |TAMS 0x000000070d200000| PB 0x000000070d200000| Untracked |  0
|  26|0x000000070d400000, 0x000000070d400000, 0x000000070d600000|  0%| F|  |TAMS 0x000000070d400000| PB 0x000000070d400000| Untracked |  0
|  27|0x000000070d600000, 0x000000070d600000, 0x000000070d800000|  0%| F|  |TAMS 0x000000070d600000| PB 0x000000070d600000| Untracked |  0
|  28|0x000000070d800000, 0x000000070d800000, 0x000000070da00000|  0%| F|  |TAMS 0x000000070d800000| PB 0x000000070d800000| Untracked |  0
|  29|0x000000070da00000, 0x000000070da00000, 0x000000070dc00000|  0%| F|  |TAMS 0x000000070da00000| PB 0x000000070da00000| Untracked |  0
|  30|0x000000070dc00000, 0x000000070dc00000, 0x000000070de00000|  0%| F|  |TAMS 0x000000070dc00000| PB 0x000000070dc00000| Untracked |  0
|  31|0x000000070de00000, 0x000000070de00000, 0x000000070e000000|  0%| F|  |TAMS 0x000000070de00000| PB 0x000000070de00000| Untracked |  0
|  32|0x000000070e000000, 0x000000070e000000, 0x000000070e200000|  0%| F|  |TAMS 0x000000070e000000| PB 0x000000070e000000| Untracked |  0
|  33|0x000000070e200000, 0x000000070e200000, 0x000000070e400000|  0%| F|  |TAMS 0x000000070e200000| PB 0x000000070e200000| Untracked |  0
|  34|0x000000070e400000, 0x000000070e400000, 0x000000070e600000|  0%| F|  |TAMS 0x000000070e400000| PB 0x000000070e400000| Untracked |  0
|  35|0x000000070e600000, 0x000000070e600000, 0x000000070e800000|  0%| F|  |TAMS 0x000000070e600000| PB 0x000000070e600000| Untracked |  0
|  36|0x000000070e800000, 0x000000070e800000, 0x000000070ea00000|  0%| F|  |TAMS 0x000000070e800000| PB 0x000000070e800000| Untracked |  0
|  37|0x000000070ea00000, 0x000000070ea00000, 0x000000070ec00000|  0%| F|  |TAMS 0x000000070ea00000| PB 0x000000070ea00000| Untracked |  0
|  38|0x000000070ec00000, 0x000000070ec00000, 0x000000070ee00000|  0%| F|  |TAMS 0x000000070ec00000| PB 0x000000070ec00000| Untracked |  0
|  39|0x000000070ee00000, 0x000000070ee00000, 0x000000070f000000|  0%| F|  |TAMS 0x000000070ee00000| PB 0x000000070ee00000| Untracked |  0
|  40|0x000000070f000000, 0x000000070f000000, 0x000000070f200000|  0%| F|  |TAMS 0x000000070f000000| PB 0x000000070f000000| Untracked |  0
|  41|0x000000070f200000, 0x000000070f200000, 0x000000070f400000|  0%| F|  |TAMS 0x000000070f200000| PB 0x000000070f200000| Untracked |  0
|  42|0x000000070f400000, 0x000000070f400000, 0x000000070f600000|  0%| F|  |TAMS 0x000000070f400000| PB 0x000000070f400000| Untracked |  0
|  43|0x000000070f600000, 0x000000070f600000, 0x000000070f800000|  0%| F|  |TAMS 0x000000070f600000| PB 0x000000070f600000| Untracked |  0
|  44|0x000000070f800000, 0x000000070f800000, 0x000000070fa00000|  0%| F|  |TAMS 0x000000070f800000| PB 0x000000070f800000| Untracked |  0
|  45|0x000000070fa00000, 0x000000070fa00000, 0x000000070fc00000|  0%| F|  |TAMS 0x000000070fa00000| PB 0x000000070fa00000| Untracked |  0
|  46|0x000000070fc00000, 0x000000070fc00000, 0x000000070fe00000|  0%| F|  |TAMS 0x000000070fc00000| PB 0x000000070fc00000| Untracked |  0
|  47|0x000000070fe00000, 0x000000070fe00000, 0x0000000710000000|  0%| F|  |TAMS 0x000000070fe00000| PB 0x000000070fe00000| Untracked |  0
|  48|0x0000000710000000, 0x0000000710000000, 0x0000000710200000|  0%| F|  |TAMS 0x0000000710000000| PB 0x0000000710000000| Untracked |  0
|  49|0x0000000710200000, 0x0000000710200000, 0x0000000710400000|  0%| F|  |TAMS 0x0000000710200000| PB 0x0000000710200000| Untracked |  0
|  50|0x0000000710400000, 0x0000000710400000, 0x0000000710600000|  0%| F|  |TAMS 0x0000000710400000| PB 0x0000000710400000| Untracked |  0
|  51|0x0000000710600000, 0x0000000710600000, 0x0000000710800000|  0%| F|  |TAMS 0x0000000710600000| PB 0x0000000710600000| Untracked |  0
|  52|0x0000000710800000, 0x0000000710800000, 0x0000000710a00000|  0%| F|  |TAMS 0x0000000710800000| PB 0x0000000710800000| Untracked |  0
|  53|0x0000000710a00000, 0x0000000710a00000, 0x0000000710c00000|  0%| F|  |TAMS 0x0000000710a00000| PB 0x0000000710a00000| Untracked |  0
|  54|0x0000000710c00000, 0x0000000710c00000, 0x0000000710e00000|  0%| F|  |TAMS 0x0000000710c00000| PB 0x0000000710c00000| Untracked |  0
|  55|0x0000000710e00000, 0x0000000710e00000, 0x0000000711000000|  0%| F|  |TAMS 0x0000000710e00000| PB 0x0000000710e00000| Untracked |  0
|  56|0x0000000711000000, 0x0000000711000000, 0x0000000711200000|  0%| F|  |TAMS 0x0000000711000000| PB 0x0000000711000000| Untracked |  0
|  57|0x0000000711200000, 0x0000000711200000, 0x0000000711400000|  0%| F|  |TAMS 0x0000000711200000| PB 0x0000000711200000| Untracked |  0
|  58|0x0000000711400000, 0x0000000711400000, 0x0000000711600000|  0%| F|  |TAMS 0x0000000711400000| PB 0x0000000711400000| Untracked |  0
|  59|0x0000000711600000, 0x0000000711600000, 0x0000000711800000|  0%| F|  |TAMS 0x0000000711600000| PB 0x0000000711600000| Untracked |  0
|  60|0x0000000711800000, 0x0000000711800000, 0x0000000711a00000|  0%| F|  |TAMS 0x0000000711800000| PB 0x0000000711800000| Untracked |  0
|  61|0x0000000711a00000, 0x0000000711a00000, 0x0000000711c00000|  0%| F|  |TAMS 0x0000000711a00000| PB 0x0000000711a00000| Untracked |  0
|  62|0x0000000711c00000, 0x0000000711c00000, 0x0000000711e00000|  0%| F|  |TAMS 0x0000000711c00000| PB 0x0000000711c00000| Untracked |  0
|  63|0x0000000711e00000, 0x0000000711e00000, 0x0000000712000000|  0%| F|  |TAMS 0x0000000711e00000| PB 0x0000000711e00000| Untracked |  0
|  64|0x0000000712000000, 0x0000000712000000, 0x0000000712200000|  0%| F|  |TAMS 0x0000000712000000| PB 0x0000000712000000| Untracked |  0
|  65|0x0000000712200000, 0x0000000712200000, 0x0000000712400000|  0%| F|  |TAMS 0x0000000712200000| PB 0x0000000712200000| Untracked |  0
|  66|0x0000000712400000, 0x0000000712400000, 0x0000000712600000|  0%| F|  |TAMS 0x0000000712400000| PB 0x0000000712400000| Untracked |  0
|  67|0x0000000712600000, 0x0000000712600000, 0x0000000712800000|  0%| F|  |TAMS 0x0000000712600000| PB 0x0000000712600000| Untracked |  0
|  68|0x0000000712800000, 0x0000000712800000, 0x0000000712a00000|  0%| F|  |TAMS 0x0000000712800000| PB 0x0000000712800000| Untracked |  0
|  69|0x0000000712a00000, 0x0000000712a00000, 0x0000000712c00000|  0%| F|  |TAMS 0x0000000712a00000| PB 0x0000000712a00000| Untracked |  0
|  70|0x0000000712c00000, 0x0000000712c00000, 0x0000000712e00000|  0%| F|  |TAMS 0x0000000712c00000| PB 0x0000000712c00000| Untracked |  0
|  71|0x0000000712e00000, 0x0000000712e00000, 0x0000000713000000|  0%| F|  |TAMS 0x0000000712e00000| PB 0x0000000712e00000| Untracked |  0
|  72|0x0000000713000000, 0x0000000713000000, 0x0000000713200000|  0%| F|  |TAMS 0x0000000713000000| PB 0x0000000713000000| Untracked |  0
|  73|0x0000000713200000, 0x0000000713200000, 0x0000000713400000|  0%| F|  |TAMS 0x0000000713200000| PB 0x0000000713200000| Untracked |  0
|  74|0x0000000713400000, 0x0000000713400000, 0x0000000713600000|  0%| F|  |TAMS 0x0000000713400000| PB 0x0000000713400000| Untracked |  0
|  75|0x0000000713600000, 0x0000000713600000, 0x0000000713800000|  0%| F|  |TAMS 0x0000000713600000| PB 0x0000000713600000| Untracked |  0
|  76|0x0000000713800000, 0x0000000713800000, 0x0000000713a00000|  0%| F|  |TAMS 0x0000000713800000| PB 0x0000000713800000| Untracked |  0
|  77|0x0000000713a00000, 0x0000000713a00000, 0x0000000713c00000|  0%| F|  |TAMS 0x0000000713a00000| PB 0x0000000713a00000| Untracked |  0
|  78|0x0000000713c00000, 0x0000000713c00000, 0x0000000713e00000|  0%| F|  |TAMS 0x0000000713c00000| PB 0x0000000713c00000| Untracked |  0
|  79|0x0000000713e00000, 0x0000000713e00000, 0x0000000714000000|  0%| F|  |TAMS 0x0000000713e00000| PB 0x0000000713e00000| Untracked |  0
|  80|0x0000000714000000, 0x0000000714000000, 0x0000000714200000|  0%| F|  |TAMS 0x0000000714000000| PB 0x0000000714000000| Untracked |  0
|  81|0x0000000714200000, 0x0000000714200000, 0x0000000714400000|  0%| F|  |TAMS 0x0000000714200000| PB 0x0000000714200000| Untracked |  0
|  82|0x0000000714400000, 0x0000000714400000, 0x0000000714600000|  0%| F|  |TAMS 0x0000000714400000| PB 0x0000000714400000| Untracked |  0
|  83|0x0000000714600000, 0x0000000714600000, 0x0000000714800000|  0%| F|  |TAMS 0x0000000714600000| PB 0x0000000714600000| Untracked |  0
|  84|0x0000000714800000, 0x0000000714800000, 0x0000000714a00000|  0%| F|  |TAMS 0x0000000714800000| PB 0x0000000714800000| Untracked |  0
|  85|0x0000000714a00000, 0x0000000714a00000, 0x0000000714c00000|  0%| F|  |TAMS 0x0000000714a00000| PB 0x0000000714a00000| Untracked |  0
|  86|0x0000000714c00000, 0x0000000714c00000, 0x0000000714e00000|  0%| F|  |TAMS 0x0000000714c00000| PB 0x0000000714c00000| Untracked |  0
|  87|0x0000000714e00000, 0x0000000714e00000, 0x0000000715000000|  0%| F|  |TAMS 0x0000000714e00000| PB 0x0000000714e00000| Untracked |  0
|  88|0x0000000715000000, 0x0000000715000000, 0x0000000715200000|  0%| F|  |TAMS 0x0000000715000000| PB 0x0000000715000000| Untracked |  0
|  89|0x0000000715200000, 0x0000000715200000, 0x0000000715400000|  0%| F|  |TAMS 0x0000000715200000| PB 0x0000000715200000| Untracked |  0
|  90|0x0000000715400000, 0x0000000715400000, 0x0000000715600000|  0%| F|  |TAMS 0x0000000715400000| PB 0x0000000715400000| Untracked |  0
|  91|0x0000000715600000, 0x0000000715600000, 0x0000000715800000|  0%| F|  |TAMS 0x0000000715600000| PB 0x0000000715600000| Untracked |  0
|  92|0x0000000715800000, 0x0000000715800000, 0x0000000715a00000|  0%| F|  |TAMS 0x0000000715800000| PB 0x0000000715800000| Untracked |  0
|  93|0x0000000715a00000, 0x0000000715a00000, 0x0000000715c00000|  0%| F|  |TAMS 0x0000000715a00000| PB 0x0000000715a00000| Untracked |  0
|  94|0x0000000715c00000, 0x0000000715c00000, 0x0000000715e00000|  0%| F|  |TAMS 0x0000000715c00000| PB 0x0000000715c00000| Untracked |  0
|  95|0x0000000715e00000, 0x0000000715e00000, 0x0000000716000000|  0%| F|  |TAMS 0x0000000715e00000| PB 0x0000000715e00000| Untracked |  0
|  96|0x0000000716000000, 0x0000000716000000, 0x0000000716200000|  0%| F|  |TAMS 0x0000000716000000| PB 0x0000000716000000| Untracked |  0
|  97|0x0000000716200000, 0x0000000716200000, 0x0000000716400000|  0%| F|  |TAMS 0x0000000716200000| PB 0x0000000716200000| Untracked |  0
|  98|0x0000000716400000, 0x0000000716400000, 0x0000000716600000|  0%| F|  |TAMS 0x0000000716400000| PB 0x0000000716400000| Untracked |  0
|  99|0x0000000716600000, 0x0000000716600000, 0x0000000716800000|  0%| F|  |TAMS 0x0000000716600000| PB 0x0000000716600000| Untracked |  0
| 100|0x0000000716800000, 0x0000000716800000, 0x0000000716a00000|  0%| F|  |TAMS 0x0000000716800000| PB 0x0000000716800000| Untracked |  0
| 101|0x0000000716a00000, 0x0000000716a00000, 0x0000000716c00000|  0%| F|  |TAMS 0x0000000716a00000| PB 0x0000000716a00000| Untracked |  0
| 102|0x0000000716c00000, 0x0000000716c00000, 0x0000000716e00000|  0%| F|  |TAMS 0x0000000716c00000| PB 0x0000000716c00000| Untracked |  0
| 103|0x0000000716e00000, 0x0000000716e00000, 0x0000000717000000|  0%| F|  |TAMS 0x0000000716e00000| PB 0x0000000716e00000| Untracked |  0
| 104|0x0000000717000000, 0x000000071710fca0, 0x0000000717200000| 53%| E|  |TAMS 0x0000000717000000| PB 0x0000000717000000| Complete |  0
| 105|0x0000000717200000, 0x0000000717400000, 0x0000000717400000|100%| E|  |TAMS 0x0000000717200000| PB 0x0000000717200000| Complete |  0
| 106|0x0000000717400000, 0x0000000717600000, 0x0000000717600000|100%| E|CS|TAMS 0x0000000717400000| PB 0x0000000717400000| Complete |  0
| 107|0x0000000717600000, 0x0000000717800000, 0x0000000717800000|100%| E|CS|TAMS 0x0000000717600000| PB 0x0000000717600000| Complete |  0
| 108|0x0000000717800000, 0x0000000717a00000, 0x0000000717a00000|100%| E|CS|TAMS 0x0000000717800000| PB 0x0000000717800000| Complete |  0
| 109|0x0000000717a00000, 0x0000000717c00000, 0x0000000717c00000|100%| E|CS|TAMS 0x0000000717a00000| PB 0x0000000717a00000| Complete |  0
| 110|0x0000000717c00000, 0x0000000717e00000, 0x0000000717e00000|100%| E|CS|TAMS 0x0000000717c00000| PB 0x0000000717c00000| Complete |  0
| 111|0x0000000717e00000, 0x0000000718000000, 0x0000000718000000|100%| E|CS|TAMS 0x0000000717e00000| PB 0x0000000717e00000| Complete |  0
| 112|0x0000000718000000, 0x0000000718200000, 0x0000000718200000|100%| E|CS|TAMS 0x0000000718000000| PB 0x0000000718000000| Complete |  0
| 113|0x0000000718200000, 0x0000000718400000, 0x0000000718400000|100%| E|CS|TAMS 0x0000000718200000| PB 0x0000000718200000| Complete |  0
| 114|0x0000000718400000, 0x0000000718600000, 0x0000000718600000|100%| E|CS|TAMS 0x0000000718400000| PB 0x0000000718400000| Complete |  0
| 115|0x0000000718600000, 0x0000000718800000, 0x0000000718800000|100%| E|CS|TAMS 0x0000000718600000| PB 0x0000000718600000| Complete |  0
| 116|0x0000000718800000, 0x0000000718a00000, 0x0000000718a00000|100%| E|CS|TAMS 0x0000000718800000| PB 0x0000000718800000| Complete |  0
| 117|0x0000000718a00000, 0x0000000718c00000, 0x0000000718c00000|100%| E|CS|TAMS 0x0000000718a00000| PB 0x0000000718a00000| Complete |  0
| 118|0x0000000718c00000, 0x0000000718e00000, 0x0000000718e00000|100%| E|CS|TAMS 0x0000000718c00000| PB 0x0000000718c00000| Complete |  0
| 119|0x0000000718e00000, 0x0000000719000000, 0x0000000719000000|100%| E|CS|TAMS 0x0000000718e00000| PB 0x0000000718e00000| Complete |  0
| 120|0x0000000719000000, 0x0000000719200000, 0x0000000719200000|100%| E|CS|TAMS 0x0000000719000000| PB 0x0000000719000000| Complete |  0
| 121|0x0000000719200000, 0x0000000719400000, 0x0000000719400000|100%| E|CS|TAMS 0x0000000719200000| PB 0x0000000719200000| Complete |  0
| 122|0x0000000719400000, 0x0000000719600000, 0x0000000719600000|100%| E|CS|TAMS 0x0000000719400000| PB 0x0000000719400000| Complete |  0
|1967|0x00000007ffe00000, 0x00000007fff1c288, 0x0000000800000000| 55%| O|  |TAMS 0x00000007ffe00000| PB 0x00000007ffe00000| Untracked |  0

Card table byte_map: [0x000001aebe300000,0x000001aebeab0000] _byte_map_base: 0x000001aebaab0000

Marking Bits: (CMBitMap*) 0x000001aea597f810
 Bits: [0x000001aebeab0000, 0x000001aec2830000)

Polling page: 0x000001aea50f0000

Metaspace:

Usage:
  Non-class:      7.12 MB used.
      Class:    744.57 KB used.
       Both:      7.85 MB used.

Virtual space:
  Non-class space:       64.00 MB reserved,       7.25 MB ( 11%) committed,  1 nodes.
      Class space:        1.00 GB reserved,     832.00 KB ( <1%) committed,  1 nodes.
             Both:        1.06 GB reserved,       8.06 MB ( <1%) committed. 

Chunk freelists:
   Non-Class:  8.47 MB
       Class:  15.19 MB
        Both:  23.66 MB

MaxMetaspaceSize: unlimited
CompressedClassSpaceSize: 1.00 GB
Initial GC threshold: 21.00 MB
Current GC threshold: 21.00 MB
CDS: on
 - commit_granule_bytes: 65536.
 - commit_granule_words: 8192.
 - virtual_space_node_default_size: 8388608.
 - enlarge_chunks_in_place: 1.
UseCompressedClassPointers 1, UseCompactObjectHeaders 0
Narrow klass pointer bits 32, Max shift 3
Narrow klass base: 0x000001aec6000000, Narrow klass shift: 0
Encoding Range: [0x000001aec6000000 - 0x000001afc6000000), (4294967296 bytes)
Klass Range:    [0x000001aec6000000 - 0x000001af07000000), (1090519040 bytes)
Klass ID Range:  [8 - 1090519033) (1090519025)


Internal statistics:

num_allocs_failed_limit: 0.
num_arena_births: 194.
num_arena_deaths: 0.
num_vsnodes_births: 2.
num_vsnodes_deaths: 0.
num_space_committed: 129.
num_space_uncommitted: 0.
num_chunks_returned_to_freelist: 0.
num_chunks_taken_from_freelist: 256.
num_chunk_merges: 0.
num_chunk_splits: 152.
num_chunks_enlarged: 62.
num_inconsistent_stats: 0.

CodeHeap 'non-profiled nmethods': size=119232Kb used=635Kb max_used=635Kb free=118596Kb
 bounds [0x000001aeb5d50000, 0x000001aeb5fc0000, 0x000001aebd1c0000]
CodeHeap 'profiled nmethods': size=119104Kb used=3147Kb max_used=3147Kb free=115956Kb
 bounds [0x000001aeae1c0000, 0x000001aeae4e0000, 0x000001aeb5610000]
CodeHeap 'non-nmethods': size=7424Kb used=3028Kb max_used=3083Kb free=4395Kb
 bounds [0x000001aeb5610000, 0x000001aeb5920000, 0x000001aeb5d50000]
CodeCache: size=245760Kb, used=6810Kb, max_used=6865Kb, free=238947Kb
 total_blobs=2624, nmethods=2117, adapters=409, full_count=0
Compilation: enabled, stopped_count=0, restarted_count=0

Compilation events (20 events):
Event: 4.863 Thread 0x000001af0c254f00 nmethod 2092 0x000001aeb5dec308 code [0x000001aeb5dec400, 0x000001aeb5dec4c8]
Event: 4.863 Thread 0x000001aec58d10a0 nmethod 2091 0x000001aeb5dec608 code [0x000001aeb5dec700, 0x000001aeb5dec7c8]
Event: 4.863 Thread 0x000001af0c255690 2093   !   3       jdk.jfr.internal.Control::setValue (102 bytes)
Event: 4.863 Thread 0x000001af0ca9fea0 2094       3       jdk.jfr.internal.SettingsManager$InternalSetting::getValues (35 bytes)
Event: 4.863 Thread 0x000001af0c254f00 2095       3       jdk.jfr.internal.Control::apply (10 bytes)
Event: 4.863 Thread 0x000001aec58d10a0 2096       3       jdk.jfr.internal.Control::findCombine (121 bytes)
Event: 4.863 Thread 0x000001af0c254f00 nmethod 2095 0x000001aeae4c7308 code [0x000001aeae4c7440, 0x000001aeae4c7648]
Event: 4.863 Thread 0x000001af0ca9fea0 nmethod 2094 0x000001aeae4c7688 code [0x000001aeae4c77e0, 0x000001aeae4c7ca8]
Event: 4.863 Thread 0x000001aec58d10a0 nmethod 2096 0x000001aeae4c7d08 code [0x000001aeae4c7f20, 0x000001aeae4c8f08]
Event: 4.863 Thread 0x000001af0c255690 nmethod 2093 0x000001aeae4c8f88 code [0x000001aeae4c9220, 0x000001aeae4ca678]
Event: 4.866 Thread 0x000001af0b565f20 nmethod 2049 0x000001aeb5dec908 code [0x000001aeb5decb60, 0x000001aeb5ded7b0]
Event: 4.867 Thread 0x000001aec58d10a0 2097       1       jdk.jfr.internal.periodic.EventTask::getEventType (5 bytes)
Event: 4.867 Thread 0x000001aec58d10a0 nmethod 2097 0x000001aeb5ded888 code [0x000001aeb5ded980, 0x000001aeb5deda48]
Event: 4.868 Thread 0x000001af0ca9fea0 2098       1       jdk.jfr.internal.periodic.PeriodicTask::getPeriod (5 bytes)
Event: 4.868 Thread 0x000001af0c254f00 2100       3       java.util.Comparator::lambda$comparingLong$6043328a$1 (18 bytes)
Event: 4.868 Thread 0x000001af0c255690 2099       3       java.util.Comparator$$Lambda/0x000001aec70a59d8::compare (10 bytes)
Event: 4.868 Thread 0x000001af0ca9fea0 nmethod 2098 0x000001aeb5dedb88 code [0x000001aeb5dedc80, 0x000001aeb5dedd48]
Event: 4.868 Thread 0x000001af0c254f00 nmethod 2100 0x000001aeae4ca708 code [0x000001aeae4ca860, 0x000001aeae4cac40]
Event: 4.868 Thread 0x000001af0c255690 nmethod 2099 0x000001aeae4cac88 code [0x000001aeae4cade0, 0x000001aeae4cb258]
Event: 4.869 Thread 0x000001af0cada2f0 nmethod 2077 0x000001aeb5dede88 code [0x000001aeb5dedfa0, 0x000001aeb5dee580]

GC Heap History (0 events):
No events

Dll operation events (12 events):
Event: 0.014 Loaded shared library C:\Users\andre\.jdks\openjdk-24.0.1\bin\java.dll
Event: 0.036 Loaded shared library C:\Users\andre\.jdks\openjdk-24.0.1\bin\jsvml.dll
Event: 0.065 Loaded shared library C:\Users\andre\.jdks\openjdk-24.0.1\bin\zip.dll
Event: 0.068 Loaded shared library C:\Users\andre\.jdks\openjdk-24.0.1\bin\instrument.dll
Event: 0.073 Loaded shared library C:\Users\andre\.jdks\openjdk-24.0.1\bin\net.dll
Event: 0.074 Loaded shared library C:\Users\andre\.jdks\openjdk-24.0.1\bin\nio.dll
Event: 0.078 Loaded shared library C:\Users\andre\.jdks\openjdk-24.0.1\bin\zip.dll
Event: 0.095 Loaded shared library C:\Users\andre\.jdks\openjdk-24.0.1\bin\extnet.dll
Event: 0.125 Loaded shared library C:\Users\andre\.jdks\openjdk-24.0.1\bin\jimage.dll
Event: 0.209 Loaded shared library C:\Users\andre\.jdks\openjdk-24.0.1\bin\management.dll
Event: 0.221 Loaded shared library C:\Users\andre\.jdks\openjdk-24.0.1\bin\management_ext.dll
Event: 4.718 Loaded shared library C:\Users\andre\AppData\Local\Temp\idea_libasyncProfiler_dll_temp_folder\libasyncProfiler.dll

Deoptimization events (20 events):
Event: 4.734 Thread 0x000001aec5899e10 Uncommon trap: trap_request=0xffffffde fr.pc=0x000001aeb5d9a320 relative=0x0000000000001b40
Event: 4.734 Thread 0x000001aec5899e10 Uncommon trap: reason=class_check action=maybe_recompile pc=0x000001aeb5d9a320 method=jdk.internal.util.xml.impl.ParserSAX.bflash_ws()V @ 22 c2
Event: 4.734 Thread 0x000001aec5899e10 DEOPT PACKING pc=0x000001aeb5d9a320 sp=0x00000069a76fec70
Event: 4.734 Thread 0x000001aec5899e10 DEOPT UNPACKING pc=0x000001aeb5725482 sp=0x00000069a76febf0 mode 2
Event: 4.821 Thread 0x000001aec5899e10 Uncommon trap: trap_request=0xffffffcc fr.pc=0x000001aeb5dd926c relative=0x00000000000003ac
Event: 4.821 Thread 0x000001aec5899e10 Uncommon trap: reason=intrinsic_or_type_checked_inlining action=make_not_entrant pc=0x000001aeb5dd926c method=java.util.Arrays.copyOf([Ljava/lang/Object;ILjava/lang/Class;)[Ljava/lang/Object; @ 35 c2
Event: 4.821 Thread 0x000001aec5899e10 DEOPT PACKING pc=0x000001aeb5dd926c sp=0x00000069a76fe730
Event: 4.821 Thread 0x000001aec5899e10 DEOPT UNPACKING pc=0x000001aeb5725482 sp=0x00000069a76fe6c0 mode 2
Event: 4.851 Thread 0x000001aec5899e10 Uncommon trap: trap_request=0xffffff4d fr.pc=0x000001aeb5dcd414 relative=0x00000000000000f4
Event: 4.851 Thread 0x000001aec5899e10 Uncommon trap: reason=unstable_if action=reinterpret pc=0x000001aeb5dcd414 method=java.lang.Long.valueOf(J)Ljava/lang/Long; @ 9 c2
Event: 4.851 Thread 0x000001aec5899e10 DEOPT PACKING pc=0x000001aeb5dcd414 sp=0x00000069a76fec30
Event: 4.851 Thread 0x000001aec5899e10 DEOPT UNPACKING pc=0x000001aeb5725482 sp=0x00000069a76febc8 mode 2
Event: 4.854 Thread 0x000001aec5899e10 Uncommon trap: trap_request=0xffffff4d fr.pc=0x000001aeb5de642c relative=0x000000000000020c
Event: 4.854 Thread 0x000001aec5899e10 Uncommon trap: reason=unstable_if action=reinterpret pc=0x000001aeb5de642c method=java.io.ByteArrayOutputStream.ensureCapacity(I)V @ 11 c2
Event: 4.855 Thread 0x000001aec5899e10 DEOPT PACKING pc=0x000001aeb5de642c sp=0x00000069a76fea40
Event: 4.855 Thread 0x000001aec5899e10 DEOPT UNPACKING pc=0x000001aeb5725482 sp=0x00000069a76fe978 mode 2
Event: 4.856 Thread 0x000001aec5899e10 Uncommon trap: trap_request=0xffffff4d fr.pc=0x000001aeb5de796c relative=0x000000000000054c
Event: 4.856 Thread 0x000001aec5899e10 Uncommon trap: reason=unstable_if action=reinterpret pc=0x000001aeb5de796c method=java.io.ByteArrayOutputStream.ensureCapacity(I)V @ 11 c2
Event: 4.856 Thread 0x000001aec5899e10 DEOPT PACKING pc=0x000001aeb5de796c sp=0x00000069a76fea20
Event: 4.856 Thread 0x000001aec5899e10 DEOPT UNPACKING pc=0x000001aeb5725482 sp=0x00000069a76fe880 mode 2

Classes loaded (20 events):
Event: 4.847 Loading class jdk/jfr/internal/MetadataWriter
Event: 4.847 Loading class jdk/jfr/internal/MetadataWriter done
Event: 4.847 Loading class jdk/jfr/internal/MetadataDescriptor$Element
Event: 4.847 Loading class jdk/jfr/internal/MetadataDescriptor$Element done
Event: 4.848 Loading class jdk/jfr/internal/MetadataDescriptor$Attribute
Event: 4.848 Loading class jdk/jfr/internal/MetadataDescriptor$Attribute done
Event: 4.852 Loading class jdk/jfr/internal/consumer/StringParser$Encoding
Event: 4.853 Loading class jdk/jfr/internal/consumer/StringParser$Encoding done
Event: 4.857 Loading class jdk/jfr/internal/consumer/RepositoryFiles
Event: 4.858 Loading class jdk/jfr/internal/consumer/RepositoryFiles done
Event: 4.860 Loading class jdk/jfr/internal/SettingsManager$InternalSetting
Event: 4.860 Loading class jdk/jfr/internal/SettingsManager$InternalSetting done
Event: 4.861 Loading class jdk/jfr/internal/util/Rate
Event: 4.861 Loading class jdk/jfr/internal/util/Rate done
Event: 4.861 Loading class jdk/jfr/internal/util/TimespanUnit
Event: 4.861 Loading class jdk/jfr/internal/util/TimespanUnit done
Event: 4.861 Loading class jdk/jfr/internal/util/ValueParser
Event: 4.861 Loading class jdk/jfr/internal/util/ValueParser done
Event: 4.863 Loading class jdk/jfr/internal/periodic/PeriodicType
Event: 4.863 Loading class jdk/jfr/internal/periodic/PeriodicType done

Classes unloaded (0 events):
No events

Classes redefined (0 events):
No events

Internal exceptions (20 events):
Event: 0.518 Thread 0x000001af0b51ffc0 Exception <a 'java/lang/NoSuchMethodError'{0x000000071829b820}: 'int java.lang.invoke.DelegatingMethodHandle$Holder.reinvoke_L(java.lang.Object, java.lang.Object, java.lang.Object, java.lang.Object, java.lang.Object)'> (0x000000071829b820) 
thrown [s\open\src\hotspot\share\interpreter\linkResolver.cpp, line 805]
Event: 0.522 Thread 0x000001af0b51ffc0 Exception <a 'java/lang/NoSuchMethodError'{0x00000007182debf0}: 'java.lang.Object java.lang.invoke.DirectMethodHandle$Holder.invokeStatic(java.lang.Object, java.lang.Object, java.lang.Object, java.lang.Object, java.lang.Object, java.lang.Object, java.lang.Object, java.lang.Object)'> (0x00000007182debf0) 
thrown [s\open\src\hotspot\share\interpreter\linkResolver.cpp, line 805]
Event: 0.524 Thread 0x000001af0b51ffc0 Exception <a 'java/lang/NoSuchMethodError'{0x0000000718101738}: 'java.lang.Object java.lang.invoke.DirectMethodHandle$Holder.invokeStatic(java.lang.Object, java.lang.Object, java.lang.Object, java.lang.Object, java.lang.Object, java.lang.Object, java.lang.Object, java.lang.Object, java.lang.Object)'> (0x0000000718101738) 
thrown [s\open\src\hotspot\share\interpreter\linkResolver.cpp, line 805]
Event: 0.524 Thread 0x000001af0b51ffc0 Exception <a 'java/lang/NoSuchMethodError'{0x0000000718114be8}: 'java.lang.Object java.lang.invoke.Invokers$Holder.invokeExact_MT(java.lang.Object, java.lang.Object, java.lang.Object, java.lang.Object, java.lang.Object, java.lang.Object)'> (0x0000000718114be8) 
thrown [s\open\src\hotspot\share\interpreter\linkResolver.cpp, line 805]
Event: 0.534 Thread 0x000001af0b51ffc0 Exception <a 'java/lang/NoSuchMethodError'{0x0000000718120978}: 'java.lang.Object java.lang.invoke.DirectMethodHandle$Holder.invokeInterface(java.lang.Object, java.lang.Object, java.lang.Object, java.lang.Object, java.lang.Object)'> (0x0000000718120978) 
thrown [s\open\src\hotspot\share\interpreter\linkResolver.cpp, line 805]
Event: 0.538 Thread 0x000001af0b51ffc0 Exception <a 'java/lang/NoSuchMethodError'{0x000000071816b2f8}: 'double java.lang.invoke.DirectMethodHandle$Holder.invokeInterface(java.lang.Object, java.lang.Object)'> (0x000000071816b2f8) 
thrown [s\open\src\hotspot\share\interpreter\linkResolver.cpp, line 805]
Event: 0.538 Thread 0x000001af0b51ffc0 Exception <a 'java/lang/NoSuchMethodError'{0x000000071817bf68}: 'double java.lang.invoke.DelegatingMethodHandle$Holder.reinvoke_L(java.lang.Object, java.lang.Object)'> (0x000000071817bf68) 
thrown [s\open\src\hotspot\share\interpreter\linkResolver.cpp, line 805]
Event: 0.870 Thread 0x000001af0b51ffc0 Exception <a 'java/lang/NoSuchMethodError'{0x00000007181a3c18}: 'long java.lang.invoke.DirectMethodHandle$Holder.invokeVirtual(java.lang.Object, java.lang.Object)'> (0x00000007181a3c18) 
thrown [s\open\src\hotspot\share\interpreter\linkResolver.cpp, line 805]
Event: 0.871 Thread 0x000001af0b51ffc0 Exception <a 'java/lang/NoSuchMethodError'{0x00000007181abf08}: 'java.lang.Object java.lang.invoke.DirectMethodHandle$Holder.invokeStatic(java.lang.Object, long)'> (0x00000007181abf08) 
thrown [s\open\src\hotspot\share\interpreter\linkResolver.cpp, line 805]
Event: 0.871 Thread 0x000001af0b51ffc0 Exception <a 'java/lang/NoSuchMethodError'{0x00000007181bbfb0}: 'long java.lang.invoke.DelegatingMethodHandle$Holder.reinvoke_L(java.lang.Object, java.lang.Object)'> (0x00000007181bbfb0) 
thrown [s\open\src\hotspot\share\interpreter\linkResolver.cpp, line 805]
Event: 4.750 Thread 0x000001aec5899e10 Exception <a 'java/lang/NoSuchMethodError'{0x0000000717f9df38}: 'void java.lang.invoke.DirectMethodHandle$Holder.invokeStaticInit(java.lang.Object)'> (0x0000000717f9df38) 
thrown [s\open\src\hotspot\share\interpreter\linkResolver.cpp, line 805]
Event: 4.757 Thread 0x000001aec5899e10 Exception <a 'java/lang/NoSuchMethodError'{0x0000000717ffc520}: 'java.lang.Object java.lang.invoke.DirectMethodHandle$Holder.newInvokeSpecial(java.lang.Object, java.lang.Object, java.lang.Object, java.lang.Object, java.lang.Object)'> (0x0000000717ffc520) 
thrown [s\open\src\hotspot\share\interpreter\linkResolver.cpp, line 805]
Event: 4.783 Thread 0x000001aec5899e10 Exception <a 'java/lang/NoSuchMethodError'{0x0000000717d93548}: 'int java.lang.invoke.DirectMethodHandle$Holder.invokeStatic(java.lang.Object, java.lang.Object, java.lang.Object, java.lang.Object)'> (0x0000000717d93548) 
thrown [s\open\src\hotspot\share\interpreter\linkResolver.cpp, line 805]
Event: 4.837 Thread 0x000001aec5899e10 Exception <a 'java/lang/NoSuchMethodError'{0x00000007177961d8}: 'void java.lang.invoke.DirectMethodHandle$Holder.invokeSpecial(java.lang.Object, java.lang.Object, int)'> (0x00000007177961d8) 
thrown [s\open\src\hotspot\share\interpreter\linkResolver.cpp, line 805]
Event: 4.837 Thread 0x000001aec5899e10 Exception <a 'java/lang/NoSuchMethodError'{0x000000071779ddf8}: 'void java.lang.invoke.Invokers$Holder.invokeExact_MT(java.lang.Object, int, java.lang.Object)'> (0x000000071779ddf8) 
thrown [s\open\src\hotspot\share\interpreter\linkResolver.cpp, line 805]
Event: 4.838 Thread 0x000001aec5899e10 Exception <a 'java/lang/NoSuchMethodError'{0x00000007177b85d8}: 'void java.lang.invoke.DirectMethodHandle$Holder.invokeStatic(java.lang.Object, java.lang.Object, int)'> (0x00000007177b85d8) 
thrown [s\open\src\hotspot\share\interpreter\linkResolver.cpp, line 805]
Event: 4.838 Thread 0x000001aec5899e10 Exception <a 'java/lang/NoSuchMethodError'{0x00000007177c74e0}: 'java.lang.Object java.lang.invoke.DirectMethodHandle$Holder.newInvokeSpecial(java.lang.Object, java.lang.Object, int)'> (0x00000007177c74e0) 
thrown [s\open\src\hotspot\share\interpreter\linkResolver.cpp, line 805]
Event: 4.842 Thread 0x000001aec5899e10 Exception <a 'sun/nio/fs/WindowsException'{0x0000000717501df0}> (0x0000000717501df0) 
thrown [s\open\src\hotspot\share\prims\jni.cpp, line 518]
Event: 4.844 Thread 0x000001aec5899e10 Exception <a 'sun/nio/fs/WindowsException'{0x000000071750ebc8}> (0x000000071750ebc8) 
thrown [s\open\src\hotspot\share\prims\jni.cpp, line 518]
Event: 4.846 Thread 0x000001aec5899e10 Exception <a 'sun/nio/fs/WindowsException'{0x0000000717520978}> (0x0000000717520978) 
thrown [s\open\src\hotspot\share\prims\jni.cpp, line 518]

VM Operations (12 events):
Event: 0.054 Executing VM operation: HandshakeAllThreads (Deoptimize)
Event: 0.054 Executing VM operation: HandshakeAllThreads (Deoptimize) done
Event: 0.394 Executing VM operation: HandshakeAllThreads (Deoptimize)
Event: 0.394 Executing VM operation: HandshakeAllThreads (Deoptimize) done
Event: 0.436 Executing VM operation: HandshakeAllThreads (Deoptimize)
Event: 0.436 Executing VM operation: HandshakeAllThreads (Deoptimize) done
Event: 0.500 Executing VM operation: HandshakeAllThreads (Deoptimize)
Event: 0.500 Executing VM operation: HandshakeAllThreads (Deoptimize) done
Event: 4.839 Executing VM operation: HandshakeAllThreads (Deoptimize)
Event: 4.839 Executing VM operation: HandshakeAllThreads (Deoptimize) done
Event: 4.858 Executing VM operation: JFRSafepointClear
Event: 4.858 Executing VM operation: JFRSafepointClear done

Memory protections (0 events):
No events

Nmethod flushes (0 events):
No events

Events (20 events):
Event: 0.356 Thread 0x000001aec5a86b50 Thread added: 0x000001aec5cb7300
Event: 0.443 Thread 0x000001aec5899e10 Thread added: 0x000001aec5897980
Event: 0.476 Thread 0x000001aec5897980 Thread added: 0x000001af0b51ffc0
Event: 0.491 Thread 0x000001af0b51ffc0 Thread added: 0x000001af0b51f120
Event: 0.498 Thread 0x000001af0b51ffc0 Thread added: 0x000001af0b51e280
Event: 0.864 Thread 0x000001aec5cb7300 Thread exited: 0x000001aec5cb7300
Event: 1.884 Thread 0x000001af0b0758e0 Thread exited: 0x000001af0b0758e0
Event: 1.885 Thread 0x000001aec59af1f0 Thread exited: 0x000001aec59af1f0
Event: 1.907 Thread 0x000001aec5b984b0 Thread exited: 0x000001aec5b984b0
Event: 1.907 Thread 0x000001aec5a86b50 Thread exited: 0x000001aec5a86b50
Event: 2.910 Thread 0x000001aec5990c90 Thread exited: 0x000001aec5990c90
Event: 4.734 Thread 0x000001aec58d10a0 Thread added: 0x000001af0b565f20
Event: 4.748 Thread 0x000001aec5899e10 Thread added: 0x000001af0b51f870
Event: 4.752 Thread 0x000001aec58d10a0 Thread added: 0x000001af0c254f00
Event: 4.752 Thread 0x000001aec58d10a0 Thread added: 0x000001af0c255690
Event: 4.752 Thread 0x000001aec58d10a0 Thread added: 0x000001af0ca9fea0
Event: 4.782 Thread 0x000001aec58d10a0 Thread added: 0x000001af0cada2f0
Event: 4.790 Thread 0x000001af0c255690 Thread added: 0x000001af0df6be70
Event: 4.791 Thread 0x000001af0b565f20 Thread added: 0x000001af0cad8e00
Event: 4.839 Thread 0x000001aec5899e10 Thread added: 0x000001af0b520e60


Dynamic libraries:
0x00007ff7ceb90000 - 0x00007ff7ceb9e000 	C:\Users\andre\.jdks\openjdk-24.0.1\bin\java.exe
0x00007ff84cde0000 - 0x00007ff84d040000 	C:\WINDOWS\SYSTEM32\ntdll.dll
0x00007ff84b330000 - 0x00007ff84b3f7000 	C:\WINDOWS\System32\KERNEL32.DLL
0x00007ff84a140000 - 0x00007ff84a50a000 	C:\WINDOWS\System32\KERNELBASE.dll
0x00007ff84a510000 - 0x00007ff84a65b000 	C:\WINDOWS\System32\ucrtbase.dll
0x00007ff82d680000 - 0x00007ff82d69b000 	C:\Users\andre\.jdks\openjdk-24.0.1\bin\VCRUNTIME140.dll
0x00007ff8451c0000 - 0x00007ff8451d6000 	C:\Users\andre\.jdks\openjdk-24.0.1\bin\jli.dll
0x00007ff84b4e0000 - 0x00007ff84b6ac000 	C:\WINDOWS\System32\USER32.dll
0x00007ff849fc0000 - 0x00007ff849fe7000 	C:\WINDOWS\System32\win32u.dll
0x00007ff8396a0000 - 0x00007ff839937000 	C:\WINDOWS\WinSxS\amd64_microsoft.windows.common-controls_6595b64144ccf1df_6.0.26100.3624_none_3e086962e3345f24\COMCTL32.dll
0x00007ff84c330000 - 0x00007ff84c35a000 	C:\WINDOWS\System32\GDI32.dll
0x00007ff84c5c0000 - 0x00007ff84c669000 	C:\WINDOWS\System32\msvcrt.dll
0x00007ff84a860000 - 0x00007ff84a991000 	C:\WINDOWS\System32\gdi32full.dll
0x00007ff84a090000 - 0x00007ff84a133000 	C:\WINDOWS\System32\msvcp_win.dll
0x00007ff84ad20000 - 0x00007ff84ad4f000 	C:\WINDOWS\System32\IMM32.DLL
0x00007ff83b700000 - 0x00007ff83b70c000 	C:\Users\andre\.jdks\openjdk-24.0.1\bin\vcruntime140_1.dll
0x00007ff81fae0000 - 0x00007ff81fb6e000 	C:\Users\andre\.jdks\openjdk-24.0.1\bin\msvcp140.dll
0x00007ff8061d0000 - 0x00007ff806f72000 	C:\Users\andre\.jdks\openjdk-24.0.1\bin\server\jvm.dll
0x00007ff84b400000 - 0x00007ff84b4b2000 	C:\WINDOWS\System32\ADVAPI32.dll
0x00007ff84b740000 - 0x00007ff84b7e6000 	C:\WINDOWS\System32\sechost.dll
0x00007ff84b210000 - 0x00007ff84b326000 	C:\WINDOWS\System32\RPCRT4.dll
0x00007ff84af70000 - 0x00007ff84afe4000 	C:\WINDOWS\System32\WS2_32.dll
0x00007ff849d60000 - 0x00007ff849dbe000 	C:\WINDOWS\SYSTEM32\POWRPROF.dll
0x00007ff843f50000 - 0x00007ff843f5b000 	C:\WINDOWS\SYSTEM32\VERSION.dll
0x00007ff8417e0000 - 0x00007ff841816000 	C:\WINDOWS\SYSTEM32\WINMM.dll
0x00007ff849d40000 - 0x00007ff849d54000 	C:\WINDOWS\SYSTEM32\UMPDC.dll
0x00007ff848dd0000 - 0x00007ff848dea000 	C:\WINDOWS\SYSTEM32\kernel.appcore.dll
0x00007ff83a3b0000 - 0x00007ff83a3ba000 	C:\Users\andre\.jdks\openjdk-24.0.1\bin\jimage.dll
0x00007ff842240000 - 0x00007ff842481000 	C:\WINDOWS\SYSTEM32\DBGHELP.DLL
0x00007ff84b7f0000 - 0x00007ff84bb72000 	C:\WINDOWS\System32\combase.dll
0x00007ff84abe0000 - 0x00007ff84acb6000 	C:\WINDOWS\System32\OLEAUT32.dll
0x00007fffecc00000 - 0x00007fffecc39000 	C:\WINDOWS\SYSTEM32\dbgcore.DLL
0x00007ff849ff0000 - 0x00007ff84a089000 	C:\WINDOWS\System32\bcryptPrimitives.dll
0x00007ff8380c0000 - 0x00007ff8380cf000 	C:\Users\andre\.jdks\openjdk-24.0.1\bin\instrument.dll
0x00007ff82b840000 - 0x00007ff82b85e000 	C:\Users\andre\.jdks\openjdk-24.0.1\bin\java.dll
0x00007ff84b070000 - 0x00007ff84b206000 	C:\WINDOWS\System32\ole32.dll
0x00007ff84c670000 - 0x00007ff84cd99000 	C:\WINDOWS\System32\SHELL32.dll
0x00007ff84a660000 - 0x00007ff84a7c8000 	C:\WINDOWS\System32\wintypes.dll
0x00007ff847ca0000 - 0x00007ff8484f2000 	C:\WINDOWS\SYSTEM32\windows.storage.dll
0x00007ff84ad70000 - 0x00007ff84ae5d000 	C:\WINDOWS\System32\SHCORE.dll
0x00007ff84c360000 - 0x00007ff84c3c4000 	C:\WINDOWS\System32\shlwapi.dll
0x00007ff849ed0000 - 0x00007ff849eff000 	C:\WINDOWS\SYSTEM32\profapi.dll
0x00007ff809bd0000 - 0x00007ff809ca7000 	C:\Users\andre\.jdks\openjdk-24.0.1\bin\jsvml.dll
0x00007ff828600000 - 0x00007ff828617000 	C:\Users\andre\.jdks\openjdk-24.0.1\bin\zip.dll
0x00007ff838a40000 - 0x00007ff838a50000 	C:\Users\andre\.jdks\openjdk-24.0.1\bin\net.dll
0x00007ff8492f0000 - 0x00007ff84935a000 	C:\WINDOWS\system32\mswsock.dll
0x00007ff828620000 - 0x00007ff828636000 	C:\Users\andre\.jdks\openjdk-24.0.1\bin\nio.dll
0x00007ff837220000 - 0x00007ff837229000 	C:\Users\andre\.jdks\openjdk-24.0.1\bin\extnet.dll
0x00007ff8488f0000 - 0x00007ff848a15000 	C:\WINDOWS\SYSTEM32\DNSAPI.dll
0x00007ff848800000 - 0x00007ff848833000 	C:\WINDOWS\SYSTEM32\IPHLPAPI.DLL
0x00007ff84c3d0000 - 0x00007ff84c3da000 	C:\WINDOWS\System32\NSI.dll
0x00007ff83eeb0000 - 0x00007ff83eebb000 	C:\Windows\System32\rasadhlp.dll
0x00007ff841750000 - 0x00007ff8417d5000 	C:\WINDOWS\System32\fwpuclnt.dll
0x00007ff834c30000 - 0x00007ff834c3a000 	C:\Users\andre\.jdks\openjdk-24.0.1\bin\management.dll
0x00007ff8349f0000 - 0x00007ff8349fb000 	C:\Users\andre\.jdks\openjdk-24.0.1\bin\management_ext.dll
0x00007ff84c090000 - 0x00007ff84c098000 	C:\WINDOWS\System32\PSAPI.DLL
0x00007ff8495a0000 - 0x00007ff8495bc000 	C:\WINDOWS\SYSTEM32\CRYPTSP.dll
0x00007ff848d30000 - 0x00007ff848d6a000 	C:\WINDOWS\system32\rsaenh.dll
0x00007ff849390000 - 0x00007ff8493bb000 	C:\WINDOWS\SYSTEM32\USERENV.dll
0x00007ff849ea0000 - 0x00007ff849ec6000 	C:\WINDOWS\SYSTEM32\bcrypt.dll
0x00007ff849590000 - 0x00007ff84959c000 	C:\WINDOWS\SYSTEM32\CRYPTBASE.dll
0x00007ff83d230000 - 0x00007ff83d248000 	C:\WINDOWS\system32\napinsp.dll
0x00007ff83d210000 - 0x00007ff83d222000 	C:\WINDOWS\System32\winrnr.dll
0x00007ffff2e80000 - 0x00007ffff2eb0000 	C:\WINDOWS\system32\nlansp_c.dll
0x00007ff82f980000 - 0x00007ff82f996000 	C:\WINDOWS\system32\wshbth.dll
0x00007ff837b50000 - 0x00007ff837b9e000 	C:\WINDOWS\SYSTEM32\pdh.dll
0x00007ff847040000 - 0x00007ff847052000 	C:\WINDOWS\System32\perfproc.dll
0x00007ff8347e0000 - 0x00007ff8347f1000 	C:\WINDOWS\System32\perfos.dll
0x00007ff8473b0000 - 0x00007ff8473c2000 	C:\WINDOWS\SYSTEM32\pfclient.dll
0x00007ff8050e0000 - 0x00007ff8052d8000 	C:\Users\andre\AppData\Local\Temp\idea_libasyncProfiler_dll_temp_folder\libasyncProfiler.dll

JVMTI agents:
C:\Program Files\JetBrains\IntelliJ IDEA 2025.1\lib\idea_rt.jar path:C:\Users\andre\.jdks\openjdk-24.0.1\bin\instrument.dll, loaded, initialized, instrumentlib options:64577

dbghelp: loaded successfully - version: 4.0.5 - missing functions: none
symbol engine: initialized successfully - sym options: 0x614 - pdb path: .;C:\Users\andre\.jdks\openjdk-24.0.1\bin;C:\WINDOWS\SYSTEM32;C:\WINDOWS\WinSxS\amd64_microsoft.windows.common-controls_6595b64144ccf1df_6.0.26100.3624_none_3e086962e3345f24;C:\Users\andre\.jdks\openjdk-24.0.1\bin\server;C:\Users\andre\AppData\Local\Temp\idea_libasyncProfiler_dll_temp_folder

VM Arguments:
jvm_args: -javaagent:C:\Program Files\JetBrains\IntelliJ IDEA 2025.1\lib\idea_rt.jar=64577 -Dfile.encoding=UTF-8 -Dsun.stdout.encoding=UTF-8 -Dsun.stderr.encoding=UTF-8 
java_command: dev.gobank.Main
java_class_path (initial): C:\Users\andre\IdeaProjects\GoBank\target\classes
Launcher Type: SUN_STANDARD

[Global flags]
     intx CICompilerCount                          = 12                                        {product} {ergonomic}
     uint ConcGCThreads                            = 3                                         {product} {ergonomic}
     bool FlightRecorder                           = true                                      {product} {management}
     uint G1ConcRefinementThreads                  = 13                                        {product} {ergonomic}
   size_t G1HeapRegionSize                         = 2097152                                   {product} {ergonomic}
   size_t InitialHeapSize                          = 257949696                                 {product} {ergonomic}
   size_t MarkStackSize                            = 4194304                                   {product} {ergonomic}
   size_t MarkStackSizeMax                         = 536870912                                 {product} {ergonomic}
   size_t MaxHeapSize                              = 4127195136                                {product} {ergonomic}
   size_t MaxNewSize                               = 2474639360                                {product} {ergonomic}
   size_t MinHeapDeltaBytes                        = 2097152                                   {product} {ergonomic}
   size_t MinHeapSize                              = 8388608                                   {product} {ergonomic}
    uintx NonNMethodCodeHeapSize                   = 7602176                                {pd product} {ergonomic}
    uintx NonProfiledCodeHeapSize                  = 122093568                              {pd product} {ergonomic}
    uintx ProfiledCodeHeapSize                     = 121962496                              {pd product} {ergonomic}
    uintx ReservedCodeCacheSize                    = 251658240                              {pd product} {ergonomic}
     bool SegmentedCodeCache                       = true                                      {product} {ergonomic}
   size_t SoftMaxHeapSize                          = 4127195136                             {manageable} {ergonomic}
     bool UseCompressedOops                        = true                           {product lp64_product} {ergonomic}
     bool UseG1GC                                  = true                                      {product} {ergonomic}
     bool UseLargePagesIndividualAllocation        = false                                  {pd product} {ergonomic}

Logging:
Log output configuration:
 #0: stdout all=warning uptime,level,tags foldmultilines=false
 #1: stderr all=off uptime,level,tags foldmultilines=false

Environment Variables:
JAVA_HOME=C:\Program Files\Eclipse Adoptium\jdk-17.0.15.6-hotspot\
PATH=C:\Program Files\Eclipse Adoptium\jdk-17.0.15.6-hotspot\bin;C:\Program Files\Alacritty\;C:\WINDOWS\system32;C:\WINDOWS;C:\WINDOWS\System32\Wbem;C:\WINDOWS\System32\WindowsPowerShell\v1.0\;C:\WINDOWS\System32\OpenSSH\;C:\Program Files\Git\cmd;C:\Users\andre\AppData\Local\Microsoft\WindowsApps;;C:\Users\andre\AppData\Local\spicetify;C:\Users\andre\AppData\Local\Programs\Microsoft VS Code\bin;C:\Program Files\JetBrains\IntelliJ IDEA 2025.1\bin;
USERNAME=andre
OS=Windows_NT
PROCESSOR_IDENTIFIER=AMD64 Family 25 Model 80 Stepping 0, AuthenticAMD
TMP=C:\Users\andre\AppData\Local\Temp
TEMP=C:\Users\andre\AppData\Local\Temp




Periodic native trim disabled

---------------  S Y S T E M  ---------------

OS:
 Windows 11 , 64 bit Build 26100 (10.0.26100.3775)
OS uptime: 1 days 9:51 hours

CPU: total 16 (initial active 16) (16 cores per cpu, 2 threads per core) family 25 model 80 stepping 0 microcode 0xa50000d, cx8, cmov, fxsr, ht, mmx, 3dnowpref, sse, sse2, sse3, ssse3, sse4a, sse4.1, sse4.2, popcnt, lzcnt, tsc, tscinvbit, avx, avx2, aes, erms, clmul, bmi1, bmi2, adx, sha, fma, vzeroupper, clflush, clflushopt, rdtscp, rdpid, fsrm, f16c, pku, cet_ss
Processor Information for the first 16 processors :
  Max Mhz: 3801, Current Mhz: 3801, Mhz Limit: 3801

Memory: 4k page, system-wide physical 15741M (3643M free)
TotalPageFile size 22397M (AvailPageFile size 6949M)
current process WorkingSet (physical memory assigned to process): 123M, peak: 123M
current process commit charge ("private bytes"): 423M, peak: 423M

vm_info: OpenJDK 64-Bit Server VM (24.0.1+9-30) for windows-amd64 JRE (24.0.1+9-30), built on 2025-03-05T07:23:45Z with MS VC++ 17.6 (VS2022)

END.
